[1.618s] Invoking command in '/home/eunhu/ros2_ws/src/my_robot_controller': PYTHONPATH=/home/eunhu/ros2_ws/build/my_robot_controller/prefix_override:/usr/lib/python3/dist-packages/colcon_core/task/python/colcon_distutils_commands:/home/eunhu/ros2_ws/install/my_robot_controller/lib/python3.10/site-packages:${PYTHONPATH} /usr/bin/python3 -W ignore:setup.py install is deprecated -W ignore:easy_install command is deprecated setup.py egg_info --egg-base ../../build/my_robot_controller build --build-base /home/eunhu/ros2_ws/build/my_robot_controller/build install --record /home/eunhu/ros2_ws/build/my_robot_controller/install.log --single-version-externally-managed install_data
[1.796s] running egg_info
[1.797s] creating ../../build/my_robot_controller/my_robot_controller.egg-info
[1.797s] writing ../../build/my_robot_controller/my_robot_controller.egg-info/PKG-INFO
[1.797s] writing dependency_links to ../../build/my_robot_controller/my_robot_controller.egg-info/dependency_links.txt
[1.797s] writing entry points to ../../build/my_robot_controller/my_robot_controller.egg-info/entry_points.txt
[1.797s] writing requirements to ../../build/my_robot_controller/my_robot_controller.egg-info/requires.txt
[1.797s] writing top-level names to ../../build/my_robot_controller/my_robot_controller.egg-info/top_level.txt
[1.797s] writing manifest file '../../build/my_robot_controller/my_robot_controller.egg-info/SOURCES.txt'
[1.798s] reading manifest file '../../build/my_robot_controller/my_robot_controller.egg-info/SOURCES.txt'
[1.799s] writing manifest file '../../build/my_robot_controller/my_robot_controller.egg-info/SOURCES.txt'
[1.799s] running build
[1.799s] running build_py
[1.799s] creating /home/eunhu/ros2_ws/build/my_robot_controller/build
[1.799s] creating /home/eunhu/ros2_ws/build/my_robot_controller/build/lib
[1.799s] creating /home/eunhu/ros2_ws/build/my_robot_controller/build/lib/my_robot_controller
[1.799s] copying my_robot_controller/__init__.py -> /home/eunhu/ros2_ws/build/my_robot_controller/build/lib/my_robot_controller
[1.799s] running install
[1.799s] running install_lib
[1.800s] creating /home/eunhu/ros2_ws/install/my_robot_controller/lib/python3.10/site-packages/my_robot_controller
[1.800s] copying /home/eunhu/ros2_ws/build/my_robot_controller/build/lib/my_robot_controller/__init__.py -> /home/eunhu/ros2_ws/install/my_robot_controller/lib/python3.10/site-packages/my_robot_controller
[1.800s] byte-compiling /home/eunhu/ros2_ws/install/my_robot_controller/lib/python3.10/site-packages/my_robot_controller/__init__.py to __init__.cpython-310.pyc
[1.800s] running install_data
[1.800s] creating /home/eunhu/ros2_ws/install/my_robot_controller/share/ament_index
[1.800s] creating /home/eunhu/ros2_ws/install/my_robot_controller/share/ament_index/resource_index
[1.800s] creating /home/eunhu/ros2_ws/install/my_robot_controller/share/ament_index/resource_index/packages
[1.801s] copying resource/my_robot_controller -> /home/eunhu/ros2_ws/install/my_robot_controller/share/ament_index/resource_index/packages
[1.801s] copying package.xml -> /home/eunhu/ros2_ws/install/my_robot_controller/share/my_robot_controller
[1.801s] running install_egg_info
[1.802s] Copying ../../build/my_robot_controller/my_robot_controller.egg-info to /home/eunhu/ros2_ws/install/my_robot_controller/lib/python3.10/site-packages/my_robot_controller-0.0.0-py3.10.egg-info
[1.802s] running install_scripts
[1.815s] writing list of installed files to '/home/eunhu/ros2_ws/build/my_robot_controller/install.log'
[1.831s] Invoked command in '/home/eunhu/ros2_ws/src/my_robot_controller' returned '0': PYTHONPATH=/home/eunhu/ros2_ws/build/my_robot_controller/prefix_override:/usr/lib/python3/dist-packages/colcon_core/task/python/colcon_distutils_commands:/home/eunhu/ros2_ws/install/my_robot_controller/lib/python3.10/site-packages:${PYTHONPATH} /usr/bin/python3 -W ignore:setup.py install is deprecated -W ignore:easy_install command is deprecated setup.py egg_info --egg-base ../../build/my_robot_controller build --build-base /home/eunhu/ros2_ws/build/my_robot_controller/build install --record /home/eunhu/ros2_ws/build/my_robot_controller/install.log --single-version-externally-managed install_data
