[0.455s] Invoking command in '/home/eunhu/ros2_ws/src/my_robot_controller': PYTHONPATH=/home/eunhu/ros2_ws/build/my_robot_controller/prefix_override:/usr/lib/python3/dist-packages/colcon_core/task/python/colcon_distutils_commands:/home/eunhu/ros2_ws/install/my_robot_controller/lib/python3.10/site-packages:${PYTHONPATH} /usr/bin/python3 -W ignore:setup.py install is deprecated -W ignore:easy_install command is deprecated setup.py egg_info --egg-base ../../build/my_robot_controller build --build-base /home/eunhu/ros2_ws/build/my_robot_controller/build install --record /home/eunhu/ros2_ws/build/my_robot_controller/install.log --single-version-externally-managed install_data
[0.631s] running egg_info
[0.631s] writing ../../build/my_robot_controller/my_robot_controller.egg-info/PKG-INFO
[0.631s] writing dependency_links to ../../build/my_robot_controller/my_robot_controller.egg-info/dependency_links.txt
[0.631s] writing entry points to ../../build/my_robot_controller/my_robot_controller.egg-info/entry_points.txt
[0.631s] writing requirements to ../../build/my_robot_controller/my_robot_controller.egg-info/requires.txt
[0.631s] writing top-level names to ../../build/my_robot_controller/my_robot_controller.egg-info/top_level.txt
[0.633s] reading manifest file '../../build/my_robot_controller/my_robot_controller.egg-info/SOURCES.txt'
[0.633s] writing manifest file '../../build/my_robot_controller/my_robot_controller.egg-info/SOURCES.txt'
[0.633s] running build
[0.633s] running build_py
[0.633s] copying my_robot_controller/my_first_node.py -> /home/eunhu/ros2_ws/build/my_robot_controller/build/lib/my_robot_controller
[0.634s] running install
[0.634s] running install_lib
[0.634s] copying /home/eunhu/ros2_ws/build/my_robot_controller/build/lib/my_robot_controller/my_first_node.py -> /home/eunhu/ros2_ws/install/my_robot_controller/lib/python3.10/site-packages/my_robot_controller
[0.635s] byte-compiling /home/eunhu/ros2_ws/install/my_robot_controller/lib/python3.10/site-packages/my_robot_controller/my_first_node.py to my_first_node.cpython-310.pyc
[0.635s] running install_data
[0.635s] running install_egg_info
[0.636s] removing '/home/eunhu/ros2_ws/install/my_robot_controller/lib/python3.10/site-packages/my_robot_controller-0.0.0-py3.10.egg-info' (and everything under it)
[0.636s] Copying ../../build/my_robot_controller/my_robot_controller.egg-info to /home/eunhu/ros2_ws/install/my_robot_controller/lib/python3.10/site-packages/my_robot_controller-0.0.0-py3.10.egg-info
[0.637s] running install_scripts
[0.650s] Installing test_node script to /home/eunhu/ros2_ws/install/my_robot_controller/lib/my_robot_controller
[0.650s] writing list of installed files to '/home/eunhu/ros2_ws/build/my_robot_controller/install.log'
[0.665s] Invoked command in '/home/eunhu/ros2_ws/src/my_robot_controller' returned '0': PYTHONPATH=/home/eunhu/ros2_ws/build/my_robot_controller/prefix_override:/usr/lib/python3/dist-packages/colcon_core/task/python/colcon_distutils_commands:/home/eunhu/ros2_ws/install/my_robot_controller/lib/python3.10/site-packages:${PYTHONPATH} /usr/bin/python3 -W ignore:setup.py install is deprecated -W ignore:easy_install command is deprecated setup.py egg_info --egg-base ../../build/my_robot_controller build --build-base /home/eunhu/ros2_ws/build/my_robot_controller/build install --record /home/eunhu/ros2_ws/build/my_robot_controller/install.log --single-version-externally-managed install_data
